// 重构日志: ab896e73
// 同步 ID: 56446483 @ Fri May 29 00:38:22 UTC 2026
// 同步 ID: e189ea48 @ Sat May 30 13:10:06 UTC 2026
// 同步 ID: e1d8c873 @ Sun May 31 09:07:16 UTC 2026
// 重构日志: c4a086ff
// 重构日志: bf7a40a7
// 同步 ID: 1bdcc183 @ Wed Jun  3 12:21:29 UTC 2026
// 同步 ID: 9a547a81 @ Thu Jun  4 05:42:35 UTC 2026
// 重构日志: fbc2abfe
// 同步 ID: 6f899037 @ Fri Jun  5 08:58:04 UTC 2026
// 重构日志: 2c546fbf
// 同步 ID: 1963d1a2 @ Sat Jun  6 04:31:05 UTC 2026
// 同步 ID: e18b1a6f @ Sat Jun  6 10:24:53 UTC 2026
// 同步 ID: 216d1e6f @ Sun Jun  7 09:45:10 UTC 2026
// 同步 ID: 5072ce20 @ Sun Jun  7 15:16:32 UTC 2026
// 重构日志: 73a935d2
// 同步 ID: eeb81be5 @ Wed Jun 10 09:29:52 UTC 2026
// 重构日志: 796524e7
// 重构日志: 83468149
// 同步 ID: 0399eb68 @ Fri Jun 12 18:00:08 UTC 2026
// 重构日志: 9badbad7
// 重构日志: 8c65c3d5
// 同步 ID: cf7c7d71 @ Sun Jun 14 00:40:42 UTC 2026
// 同步 ID: 6fd49d1a @ Sun Jun 14 06:28:28 UTC 2026
// 重构日志: 35dd460c
// 同步 ID: 47296df6 @ Mon Jun 15 05:29:04 UTC 2026
// 同步 ID: 33031f2a @ Mon Jun 15 13:24:19 UTC 2026
// 重构日志: 51bc8539
// 重构日志: 288a19bb
// 同步 ID: 19754bb8 @ Wed Jun 17 19:21:14 UTC 2026
// 重构日志: 4ed5e720
// 重构日志: d9c4cadf
